<?xml version="1.0" encoding="UTF-8"?>
<!-- Generated by org.testng.reporters.JUnitReportReporter -->
<testsuite hostname="DESKTOP-0TUHFG7" failures="0" tests="1" name="practice.CheapoairTest" time="29.457" errors="0" timestamp="2023-06-26T14:41:32 EDT" skipped="0">
  <testcase classname="practice.CheapoairTest" name="testFlightOrder" time="29.457"/>
  <system-out/>
</testsuite> <!-- practice.CheapoairTest -->
